Using pre-set license
Built from '2022.3/staging' branch; Version is '2022.3.19f1 (244b723c30a6) revision 2378610'; Using compiler version '192829333'; Build Type 'Release'
OS: 'Windows 11  (10.0.22631) 64bit Education' Language: 'es' Physical Memory: 16202 MB
BatchMode: 1, IsHumanControllingUs: 0, StartBugReporterOnCrash: 0, Is64bit: 1, IsPro: 1

COMMAND LINE ARGUMENTS:
C:\Program Files\Unity\Hub\Editor\2022.3.19f1\Editor\Unity.exe
-adb2
-batchMode
-noUpm
-name
AssetImportWorker0
-projectPath
C:/Users/Carlos Carb贸/Desktop/AbadiaJam/AbadiaJam/SlowJam
-logFile
Logs/AssetImportWorker0.log
-srvPort
50522
Successfully changed project path to: C:/Users/Carlos Carb贸/Desktop/AbadiaJam/AbadiaJam/SlowJam
C:/Users/Carlos Carb贸/Desktop/AbadiaJam/AbadiaJam/SlowJam
[UnityMemory] Configuration Parameters - Can be set up in boot.config
    "memorysetup-bucket-allocator-granularity=16"
    "memorysetup-bucket-allocator-bucket-count=8"
    "memorysetup-bucket-allocator-block-size=33554432"
    "memorysetup-bucket-allocator-block-count=8"
    "memorysetup-main-allocator-block-size=16777216"
    "memorysetup-thread-allocator-block-size=16777216"
    "memorysetup-gfx-main-allocator-block-size=16777216"
    "memorysetup-gfx-thread-allocator-block-size=16777216"
    "memorysetup-cache-allocator-block-size=4194304"
    "memorysetup-typetree-allocator-block-size=2097152"
    "memorysetup-profiler-bucket-allocator-granularity=16"
    "memorysetup-profiler-bucket-allocator-bucket-count=8"
    "memorysetup-profiler-bucket-allocator-block-size=33554432"
    "memorysetup-profiler-bucket-allocator-block-count=8"
    "memorysetup-profiler-allocator-block-size=16777216"
    "memorysetup-profiler-editor-allocator-block-size=1048576"
    "memorysetup-temp-allocator-size-main=16777216"
    "memorysetup-job-temp-allocator-block-size=2097152"
    "memorysetup-job-temp-allocator-block-size-background=1048576"
    "memorysetup-job-temp-allocator-reduction-small-platforms=262144"
    "memorysetup-allocator-temp-initial-block-size-main=262144"
    "memorysetup-allocator-temp-initial-block-size-worker=262144"
    "memorysetup-temp-allocator-size-background-worker=32768"
    "memorysetup-temp-allocator-size-job-worker=262144"
    "memorysetup-temp-allocator-size-preload-manager=33554432"
    "memorysetup-temp-allocator-size-nav-mesh-worker=65536"
    "memorysetup-temp-allocator-size-audio-worker=65536"
    "memorysetup-temp-allocator-size-cloud-worker=32768"
    "memorysetup-temp-allocator-size-gi-baking-worker=262144"
    "memorysetup-temp-allocator-size-gfx=262144"
Player connection [21912] Host "[IP] 192.168.1.140 [Port] 0 [Flags] 2 [Guid] 82616985 [EditorId] 82616985 [Version] 1048832 [Id] WindowsEditor(7,DESKTOP-CF0RVB2) [Debug] 1 [PackageName] WindowsEditor [ProjectName] Editor" joined multi-casting on [225.0.0.222:54997]...

Player connection [21912] Host "[IP] 192.168.1.140 [Port] 0 [Flags] 2 [Guid] 82616985 [EditorId] 82616985 [Version] 1048832 [Id] WindowsEditor(7,DESKTOP-CF0RVB2) [Debug] 1 [PackageName] WindowsEditor [ProjectName] Editor" joined alternative multi-casting on [225.0.0.222:34997]...

[Physics::Module] Initialized MultithreadedJobDispatcher with 11 workers.
Refreshing native plugins compatible for Editor in 1844.27 ms, found 7 plugins.
Preloading 0 native plugins for Editor in 0.00 ms.
Initialize engine version: 2022.3.19f1 (244b723c30a6)
[Subsystems] Discovering subsystems at path C:/Program Files/Unity/Hub/Editor/2022.3.19f1/Editor/Data/Resources/UnitySubsystems
[Subsystems] Discovering subsystems at path C:/Users/Carlos Carb贸/Desktop/AbadiaJam/AbadiaJam/SlowJam/Assets
GfxDevice: creating device client; threaded=0; jobified=0
Direct3D:
    Version:  Direct3D 11.0 [level 11.1]
    Renderer: NVIDIA GeForce RTX 3060 Laptop GPU (ID=0x2520)
    Vendor:   NVIDIA
    VRAM:     5996 MB
    Driver:   31.0.15.5123
Initialize mono
Mono path[0] = 'C:/Program Files/Unity/Hub/Editor/2022.3.19f1/Editor/Data/Managed'
Mono path[1] = 'C:/Program Files/Unity/Hub/Editor/2022.3.19f1/Editor/Data/MonoBleedingEdge/lib/mono/unityjit-win32'
Mono config path = 'C:/Program Files/Unity/Hub/Editor/2022.3.19f1/Editor/Data/MonoBleedingEdge/etc'
Using monoOptions --debugger-agent=transport=dt_socket,embedding=1,server=y,suspend=n,address=127.0.0.1:56648
Begin MonoManager ReloadAssembly
Registering precompiled unity dll's ...
Register platform support module: C:/Program Files/Unity/Hub/Editor/2022.3.19f1/Editor/Data/PlaybackEngines/WindowsStandaloneSupport/UnityEditor.WindowsStandalone.Extensions.dll
Registered in 0.124379 seconds.
- Loaded All Assemblies, in  6.209 seconds
Native extension for WindowsStandalone target not found
Mono: successfully reloaded assembly
- Finished resetting the current domain, in  0.270 seconds
Domain Reload Profiling: 6476ms
	BeginReloadAssembly (4744ms)
		ExecutionOrderSort (0ms)
		DisableScriptedObjects (0ms)
		BackupInstance (0ms)
		ReleaseScriptingObjects (0ms)
		CreateAndSetChildDomain (1ms)
	RebuildCommonClasses (418ms)
	RebuildNativeTypeToScriptingClass (13ms)
	initialDomainReloadingComplete (194ms)
	LoadAllAssembliesAndSetupDomain (837ms)
		LoadAssemblies (4741ms)
		RebuildTransferFunctionScriptingTraits (0ms)
		AnalyzeDomain (835ms)
			TypeCache.Refresh (834ms)
				TypeCache.ScanAssembly (604ms)
			ScanForSourceGeneratedMonoScriptInfo (0ms)
			ResolveRequiredComponents (0ms)
	FinalizeReload (270ms)
		ReleaseScriptCaches (0ms)
		RebuildScriptCaches (0ms)
		SetupLoadedEditorAssemblies (213ms)
			LogAssemblyErrors (0ms)
			InitializePlatformSupportModulesInManaged (9ms)
			SetLoadedEditorAssemblies (7ms)
			RefreshPlugins (0ms)
			BeforeProcessingInitializeOnLoad (2ms)
			ProcessInitializeOnLoadAttributes (142ms)
			ProcessInitializeOnLoadMethodAttributes (53ms)
			AfterProcessingInitializeOnLoad (0ms)
			EditorAssembliesLoaded (0ms)
		ExecutionOrderSort2 (0ms)
		AwakeInstancesAfterBackupRestoration (0ms)
========================================================================
Worker process is ready to serve import requests
Begin MonoManager ReloadAssembly
- Loaded All Assemblies, in  7.511 seconds
Refreshing native plugins compatible for Editor in 6.06 ms, found 7 plugins.
Native extension for WindowsStandalone target not found
Package Manager log level set to [2]
[Package Manager] Server::EnsureServerProcessIsRunning -- launch failed, reason: Unity was launched with the -noUpm command-line argument
[Package Manager] UpmClient::Send -- Unable to send message (not connected to UPM process).
[Package Manager] Cannot connect to Unity Package Manager local server
Mono: successfully reloaded assembly
- Finished resetting the current domain, in  0.965 seconds
Domain Reload Profiling: 8473ms
	BeginReloadAssembly (142ms)
		ExecutionOrderSort (0ms)
		DisableScriptedObjects (5ms)
		BackupInstance (0ms)
		ReleaseScriptingObjects (0ms)
		CreateAndSetChildDomain (25ms)
	RebuildCommonClasses (32ms)
	RebuildNativeTypeToScriptingClass (17ms)
	initialDomainReloadingComplete (41ms)
	LoadAllAssembliesAndSetupDomain (7275ms)
		LoadAssemblies (6809ms)
		RebuildTransferFunctionScriptingTraits (0ms)
		AnalyzeDomain (542ms)
			TypeCache.Refresh (498ms)
				TypeCache.ScanAssembly (448ms)
			ScanForSourceGeneratedMonoScriptInfo (26ms)
			ResolveRequiredComponents (17ms)
	FinalizeReload (966ms)
		ReleaseScriptCaches (0ms)
		RebuildScriptCaches (0ms)
		SetupLoadedEditorAssemblies (780ms)
			LogAssemblyErrors (0ms)
			InitializePlatformSupportModulesInManaged (6ms)
			SetLoadedEditorAssemblies (5ms)
			RefreshPlugins (0ms)
			BeforeProcessingInitializeOnLoad (86ms)
			ProcessInitializeOnLoadAttributes (630ms)
			ProcessInitializeOnLoadMethodAttributes (46ms)
			AfterProcessingInitializeOnLoad (7ms)
			EditorAssembliesLoaded (0ms)
		ExecutionOrderSort2 (0ms)
		AwakeInstancesAfterBackupRestoration (7ms)
Launched and connected shader compiler UnityShaderCompiler.exe after 0.08 seconds
Refreshing native plugins compatible for Editor in 6.80 ms, found 7 plugins.
Preloading 0 native plugins for Editor in 0.00 ms.
Unloading 5598 Unused Serialized files (Serialized files now loaded: 0)
Unloading 128 unused Assets / (141.1 KB). Loaded Objects now: 6055.
Memory consumption went from 182.0 MB to 181.8 MB.
Total: 4.644100 ms (FindLiveObjects: 0.509800 ms CreateObjectMapping: 0.455400 ms MarkObjects: 3.435600 ms  DeleteObjects: 0.242400 ms)

AssetImportParameters requested are different than current active one (requested -> active):
  custom:container-demuxer-ogg: 62fdf1f143b41e24485cea50d1cbac27 -> 
  custom:video-decoder-ogg-theora: a1e56fd34408186e4bbccfd4996cb3dc -> 
  custom:framework-win-MediaFoundation: 216162199b28c13a410421893ffa2e32 -> 
  custom:CustomObjectIndexerAttribute: 6d391050e5a25f67b0a2c618074f2cd9 -> 
  custom:container-demuxer-webm: 4f35f7cbe854078d1ac9338744f61a02 -> 
  custom:container-muxer-webm: aa71ff27fc2769a1b78a27578f13a17b -> 
  custom:video-decoder-webm-vp8: 9c59270c3fd7afecdb556c50c9e8de78 -> 
  custom:SearchIndexIgnoredProperties: e643bd26f0fe6173181afceb89e7c659 -> 
  custom:AudioImporter_EditorPlatform: d09bf68614088b80899f8185d706f6e7 -> 
  custom:video-encoder-webm-vp8: eb34c28f22e8b96e1ab97ce403110664 -> 
  custom:audio-decoder-ogg-vorbis: bf7c407c2cedff20999df2af8eb42d56 -> 
  custom:audio-encoder-webm-vorbis: bf7c407c2cedff20999df2af8eb42d56 -> 
========================================================================
Received Import Request.
  Time since last request: 2021.869539 seconds.
  path: Assets/Art/PRUEBA_MONJE.png
  artifactKey: Guid(dee72ddeee8fa4e4b813c3fd4d2006f0) Importer(815301076,1909f56bfc062723c751e8b465ee728b)
Start importing Assets/Art/PRUEBA_MONJE.png using Guid(dee72ddeee8fa4e4b813c3fd4d2006f0) Importer(815301076,1909f56bfc062723c751e8b465ee728b)  -> (artifact id: 'fc61fbf99a48a522d7e4a966cb3adea6') in 0.078736 seconds
Number of updated asset objects reloaded before import = 0
Number of asset objects unloaded after import = 3
========================================================================
Received Prepare
Begin MonoManager ReloadAssembly
- Loaded All Assemblies, in  0.556 seconds
Refreshing native plugins compatible for Editor in 8.09 ms, found 7 plugins.
Native extension for WindowsStandalone target not found
[Package Manager] Server::EnsureServerProcessIsRunning -- launch failed, reason: Unity was launched with the -noUpm command-line argument
[Package Manager] UpmClient::Send -- Unable to send message (not connected to UPM process).
[Package Manager] Cannot connect to Unity Package Manager local server
Mono: successfully reloaded assembly
- Finished resetting the current domain, in  1.502 seconds
Domain Reload Profiling: 2055ms
	BeginReloadAssembly (190ms)
		ExecutionOrderSort (0ms)
		DisableScriptedObjects (12ms)
		BackupInstance (0ms)
		ReleaseScriptingObjects (0ms)
		CreateAndSetChildDomain (47ms)
	RebuildCommonClasses (41ms)
	RebuildNativeTypeToScriptingClass (12ms)
	initialDomainReloadingComplete (33ms)
	LoadAllAssembliesAndSetupDomain (278ms)
		LoadAssemblies (327ms)
		RebuildTransferFunctionScriptingTraits (0ms)
		AnalyzeDomain (39ms)
			TypeCache.Refresh (9ms)
				TypeCache.ScanAssembly (0ms)
			ScanForSourceGeneratedMonoScriptInfo (0ms)
			ResolveRequiredComponents (29ms)
	FinalizeReload (1503ms)
		ReleaseScriptCaches (0ms)
		RebuildScriptCaches (0ms)
		SetupLoadedEditorAssemblies (796ms)
			LogAssemblyErrors (0ms)
			InitializePlatformSupportModulesInManaged (7ms)
			SetLoadedEditorAssemblies (4ms)
			RefreshPlugins (0ms)
			BeforeProcessingInitializeOnLoad (93ms)
			ProcessInitializeOnLoadAttributes (644ms)
			ProcessInitializeOnLoadMethodAttributes (39ms)
			AfterProcessingInitializeOnLoad (8ms)
			EditorAssembliesLoaded (1ms)
		ExecutionOrderSort2 (0ms)
		AwakeInstancesAfterBackupRestoration (13ms)
Refreshing native plugins compatible for Editor in 10.47 ms, found 7 plugins.
Preloading 0 native plugins for Editor in 0.00 ms.
Unloading 5576 Unused Serialized files (Serialized files now loaded: 0)
Unloading 49 unused Assets / (111.0 KB). Loaded Objects now: 6079.
Memory consumption went from 182.9 MB to 182.8 MB.
Total: 11.345300 ms (FindLiveObjects: 0.895600 ms CreateObjectMapping: 1.832500 ms MarkObjects: 8.429100 ms  DeleteObjects: 0.179900 ms)

Prepare: number of updated asset objects reloaded= 0
AssetImportParameters requested are different than current active one (requested -> active):
  custom:container-demuxer-ogg: 62fdf1f143b41e24485cea50d1cbac27 -> 
  custom:video-decoder-ogg-theora: a1e56fd34408186e4bbccfd4996cb3dc -> 
  custom:framework-win-MediaFoundation: 216162199b28c13a410421893ffa2e32 -> 
  custom:CustomObjectIndexerAttribute: 6d391050e5a25f67b0a2c618074f2cd9 -> 
  custom:container-demuxer-webm: 4f35f7cbe854078d1ac9338744f61a02 -> 
  custom:container-muxer-webm: aa71ff27fc2769a1b78a27578f13a17b -> 
  custom:video-decoder-webm-vp8: 9c59270c3fd7afecdb556c50c9e8de78 -> 
  custom:SearchIndexIgnoredProperties: e643bd26f0fe6173181afceb89e7c659 -> 
  custom:AudioImporter_EditorPlatform: d09bf68614088b80899f8185d706f6e7 -> 
  custom:video-encoder-webm-vp8: eb34c28f22e8b96e1ab97ce403110664 -> 
  custom:audio-decoder-ogg-vorbis: bf7c407c2cedff20999df2af8eb42d56 -> 
  custom:audio-encoder-webm-vorbis: bf7c407c2cedff20999df2af8eb42d56 -> 
========================================================================
Received Import Request.
  Time since last request: 2167.014291 seconds.
  path: Assets/Thaleah_PixelFont
  artifactKey: Guid(cd11d8d4c5fb5004c955b7d2fa9e7b52) Importer(815301076,1909f56bfc062723c751e8b465ee728b)
Start importing Assets/Thaleah_PixelFont using Guid(cd11d8d4c5fb5004c955b7d2fa9e7b52) Importer(815301076,1909f56bfc062723c751e8b465ee728b)  -> (artifact id: 'c8582189ff9f106832781cc9184e32ec') in 0.002711 seconds
Number of updated asset objects reloaded before import = 0
Number of asset objects unloaded after import = 0
========================================================================
Received Import Request.
  Time since last request: 8.958761 seconds.
  path: Assets/Thaleah_PixelFont/Alkhemikal.ttf
  artifactKey: Guid(fa14113d9c9181d4a95a8c0c6e7cb6ca) Importer(815301076,1909f56bfc062723c751e8b465ee728b)
Start importing Assets/Thaleah_PixelFont/Alkhemikal.ttf using Guid(fa14113d9c9181d4a95a8c0c6e7cb6ca) Importer(815301076,1909f56bfc062723c751e8b465ee728b)  -> (artifact id: '1f88029252907bc82f4fa9a1c90ca8ee') in 0.094908 seconds
Number of updated asset objects reloaded before import = 0
Number of asset objects unloaded after import = 4
========================================================================
Received Prepare
Begin MonoManager ReloadAssembly
- Loaded All Assemblies, in  0.538 seconds
Refreshing native plugins compatible for Editor in 6.36 ms, found 7 plugins.
Native extension for WindowsStandalone target not found
[Package Manager] Server::EnsureServerProcessIsRunning -- launch failed, reason: Unity was launched with the -noUpm command-line argument
[Package Manager] UpmClient::Send -- Unable to send message (not connected to UPM process).
[Package Manager] Cannot connect to Unity Package Manager local server
Mono: successfully reloaded assembly
- Finished resetting the current domain, in  1.434 seconds
Domain Reload Profiling: 1968ms
	BeginReloadAssembly (187ms)
		ExecutionOrderSort (0ms)
		DisableScriptedObjects (12ms)
		BackupInstance (0ms)
		ReleaseScriptingObjects (0ms)
		CreateAndSetChildDomain (43ms)
	RebuildCommonClasses (41ms)
	RebuildNativeTypeToScriptingClass (11ms)
	initialDomainReloadingComplete (33ms)
	LoadAllAssembliesAndSetupDomain (261ms)
		LoadAssemblies (326ms)
		RebuildTransferFunctionScriptingTraits (0ms)
		AnalyzeDomain (27ms)
			TypeCache.Refresh (7ms)
				TypeCache.ScanAssembly (0ms)
			ScanForSourceGeneratedMonoScriptInfo (0ms)
			ResolveRequiredComponents (19ms)
	FinalizeReload (1435ms)
		ReleaseScriptCaches (0ms)
		RebuildScriptCaches (0ms)
		SetupLoadedEditorAssemblies (666ms)
			LogAssemblyErrors (0ms)
			InitializePlatformSupportModulesInManaged (5ms)
			SetLoadedEditorAssemblies (6ms)
			RefreshPlugins (0ms)
			BeforeProcessingInitializeOnLoad (88ms)
			ProcessInitializeOnLoadAttributes (525ms)
			ProcessInitializeOnLoadMethodAttributes (34ms)
			AfterProcessingInitializeOnLoad (7ms)
			EditorAssembliesLoaded (0ms)
		ExecutionOrderSort2 (0ms)
		AwakeInstancesAfterBackupRestoration (12ms)
Refreshing native plugins compatible for Editor in 10.90 ms, found 7 plugins.
Preloading 0 native plugins for Editor in 0.00 ms.
Unloading 5576 Unused Serialized files (Serialized files now loaded: 0)
Unloading 49 unused Assets / (110.0 KB). Loaded Objects now: 6137.
Memory consumption went from 185.2 MB to 185.1 MB.
Total: 7.017900 ms (FindLiveObjects: 0.728700 ms CreateObjectMapping: 0.815000 ms MarkObjects: 5.364700 ms  DeleteObjects: 0.107700 ms)

Prepare: number of updated asset objects reloaded= 0
AssetImportParameters requested are different than current active one (requested -> active):
  custom:container-demuxer-ogg: 62fdf1f143b41e24485cea50d1cbac27 -> 
  custom:video-decoder-ogg-theora: a1e56fd34408186e4bbccfd4996cb3dc -> 
  custom:framework-win-MediaFoundation: 216162199b28c13a410421893ffa2e32 -> 
  custom:CustomObjectIndexerAttribute: 6d391050e5a25f67b0a2c618074f2cd9 -> 
  custom:container-demuxer-webm: 4f35f7cbe854078d1ac9338744f61a02 -> 
  custom:container-muxer-webm: aa71ff27fc2769a1b78a27578f13a17b -> 
  custom:video-decoder-webm-vp8: 9c59270c3fd7afecdb556c50c9e8de78 -> 
  custom:SearchIndexIgnoredProperties: e643bd26f0fe6173181afceb89e7c659 -> 
  custom:AudioImporter_EditorPlatform: d09bf68614088b80899f8185d706f6e7 -> 
  custom:video-encoder-webm-vp8: eb34c28f22e8b96e1ab97ce403110664 -> 
  custom:audio-decoder-ogg-vorbis: bf7c407c2cedff20999df2af8eb42d56 -> 
  custom:audio-encoder-webm-vorbis: bf7c407c2cedff20999df2af8eb42d56 -> 
========================================================================
Received Import Request.
  Time since last request: 220.115524 seconds.
  path: Assets/TextMesh Pro/Resources/Fonts & Materials/LiberationSans SDF.asset
  artifactKey: Guid(8f586378b4e144a9851e7b34d9b748ee) Importer(815301076,1909f56bfc062723c751e8b465ee728b)
Start importing Assets/TextMesh Pro/Resources/Fonts & Materials/LiberationSans SDF.asset using Guid(8f586378b4e144a9851e7b34d9b748ee) Importer(815301076,1909f56bfc062723c751e8b465ee728b)  -> (artifact id: 'cae132f3c4ed5970780db015134e71be') in 0.171770 seconds
Number of updated asset objects reloaded before import = 0
Number of asset objects unloaded after import = 10
========================================================================
Received Prepare
Begin MonoManager ReloadAssembly
- Loaded All Assemblies, in  0.546 seconds
Refreshing native plugins compatible for Editor in 6.32 ms, found 7 plugins.
Native extension for WindowsStandalone target not found
[Package Manager] Server::EnsureServerProcessIsRunning -- launch failed, reason: Unity was launched with the -noUpm command-line argument
[Package Manager] UpmClient::Send -- Unable to send message (not connected to UPM process).
[Package Manager] Cannot connect to Unity Package Manager local server
Mono: successfully reloaded assembly
- Finished resetting the current domain, in  1.551 seconds
Domain Reload Profiling: 2093ms
	BeginReloadAssembly (185ms)
		ExecutionOrderSort (0ms)
		DisableScriptedObjects (12ms)
		BackupInstance (0ms)
		ReleaseScriptingObjects (0ms)
		CreateAndSetChildDomain (51ms)
	RebuildCommonClasses (33ms)
	RebuildNativeTypeToScriptingClass (12ms)
	initialDomainReloadingComplete (36ms)
	LoadAllAssembliesAndSetupDomain (276ms)
		LoadAssemblies (326ms)
		RebuildTransferFunctionScriptingTraits (0ms)
		AnalyzeDomain (33ms)
			TypeCache.Refresh (7ms)
				TypeCache.ScanAssembly (0ms)
			ScanForSourceGeneratedMonoScriptInfo (0ms)
			ResolveRequiredComponents (25ms)
	FinalizeReload (1551ms)
		ReleaseScriptCaches (0ms)
		RebuildScriptCaches (0ms)
		SetupLoadedEditorAssemblies (811ms)
			LogAssemblyErrors (0ms)
			InitializePlatformSupportModulesInManaged (8ms)
			SetLoadedEditorAssemblies (5ms)
			RefreshPlugins (0ms)
			BeforeProcessingInitializeOnLoad (92ms)
			ProcessInitializeOnLoadAttributes (656ms)
			ProcessInitializeOnLoadMethodAttributes (41ms)
			AfterProcessingInitializeOnLoad (9ms)
			EditorAssembliesLoaded (1ms)
		ExecutionOrderSort2 (0ms)
		AwakeInstancesAfterBackupRestoration (14ms)
Refreshing native plugins compatible for Editor in 11.39 ms, found 7 plugins.
Preloading 0 native plugins for Editor in 0.00 ms.
Unloading 5589 Unused Serialized files (Serialized files now loaded: 0)
Unloading 61 unused Assets / (0.8 MB). Loaded Objects now: 6155.
Memory consumption went from 191.2 MB to 190.4 MB.
Total: 7.532000 ms (FindLiveObjects: 0.950100 ms CreateObjectMapping: 1.100500 ms MarkObjects: 5.014200 ms  DeleteObjects: 0.465300 ms)

Prepare: number of updated asset objects reloaded= 0
AssetImportParameters requested are different than current active one (requested -> active):
  custom:container-demuxer-ogg: 62fdf1f143b41e24485cea50d1cbac27 -> 
  custom:video-decoder-ogg-theora: a1e56fd34408186e4bbccfd4996cb3dc -> 
  custom:framework-win-MediaFoundation: 216162199b28c13a410421893ffa2e32 -> 
  custom:CustomObjectIndexerAttribute: 6d391050e5a25f67b0a2c618074f2cd9 -> 
  custom:container-demuxer-webm: 4f35f7cbe854078d1ac9338744f61a02 -> 
  custom:container-muxer-webm: aa71ff27fc2769a1b78a27578f13a17b -> 
  custom:video-decoder-webm-vp8: 9c59270c3fd7afecdb556c50c9e8de78 -> 
  custom:SearchIndexIgnoredProperties: e643bd26f0fe6173181afceb89e7c659 -> 
  custom:AudioImporter_EditorPlatform: d09bf68614088b80899f8185d706f6e7 -> 
  custom:video-encoder-webm-vp8: eb34c28f22e8b96e1ab97ce403110664 -> 
  custom:audio-decoder-ogg-vorbis: bf7c407c2cedff20999df2af8eb42d56 -> 
  custom:audio-encoder-webm-vorbis: bf7c407c2cedff20999df2af8eb42d56 -> 
========================================================================
Received Import Request.
  Time since last request: 217.226505 seconds.
  path: Assets/Voces Texto/adso_voz.ogg
  artifactKey: Guid(215c100fccb5b4944b010f3873e54d4c) Importer(815301076,1909f56bfc062723c751e8b465ee728b)
Start importing Assets/Voces Texto/adso_voz.ogg using Guid(215c100fccb5b4944b010f3873e54d4c) Importer(815301076,1909f56bfc062723c751e8b465ee728b)  -> (artifact id: '8451d830254976c36e66b6a1185a973e') in 0.109505 seconds
Number of updated asset objects reloaded before import = 0
Number of asset objects unloaded after import = 2
========================================================================
Received Import Request.
  Time since last request: 0.000046 seconds.
  path: Assets/Plugins/Pixel Crushers/Dialogue System/Demo/Resources/Player_1_5.ogg
  artifactKey: Guid(3f94d7906b3801c4394415a2be4657c0) Importer(815301076,1909f56bfc062723c751e8b465ee728b)
Start importing Assets/Plugins/Pixel Crushers/Dialogue System/Demo/Resources/Player_1_5.ogg using Guid(3f94d7906b3801c4394415a2be4657c0) Importer(815301076,1909f56bfc062723c751e8b465ee728b)  -> (artifact id: '6247ec093a8f0040770f1f5243224db0') in 0.021908 seconds
Number of updated asset objects reloaded before import = 0
Number of asset objects unloaded after import = 2
========================================================================
Received Import Request.
  Time since last request: 0.000024 seconds.
  path: Assets/Plugins/Pixel Crushers/Dialogue System/Demo/Resources/Player_1_7.ogg
  artifactKey: Guid(a98579a811ebad34487c1a27f726481c) Importer(815301076,1909f56bfc062723c751e8b465ee728b)
Start importing Assets/Plugins/Pixel Crushers/Dialogue System/Demo/Resources/Player_1_7.ogg using Guid(a98579a811ebad34487c1a27f726481c) Importer(815301076,1909f56bfc062723c751e8b465ee728b)  -> (artifact id: '4e3d45351ed6490cfe0d310e0a45c293') in 0.028040 seconds
Number of updated asset objects reloaded before import = 0
Number of asset objects unloaded after import = 2
========================================================================
Received Import Request.
  Time since last request: 0.000061 seconds.
  path: Assets/Plugins/Pixel Crushers/Dialogue System/Demo/Resources/Sergeant_Graves_2_3.ogg
  artifactKey: Guid(4d1d637a5a198714592c2f6e5df7fc89) Importer(815301076,1909f56bfc062723c751e8b465ee728b)
Start importing Assets/Plugins/Pixel Crushers/Dialogue System/Demo/Resources/Sergeant_Graves_2_3.ogg using Guid(4d1d637a5a198714592c2f6e5df7fc89) Importer(815301076,1909f56bfc062723c751e8b465ee728b)  -> (artifact id: '64e9f1215239b64503e9b2c6554d8e32') in 0.027188 seconds
Number of updated asset objects reloaded before import = 0
Number of asset objects unloaded after import = 2
========================================================================
Received Import Request.
  Time since last request: 0.000016 seconds.
  path: Assets/Plugins/Pixel Crushers/Dialogue System/Demo/Resources/Private_Hart_1_1.ogg
  artifactKey: Guid(bf8bf2dc1326c3146a055cab973090fe) Importer(815301076,1909f56bfc062723c751e8b465ee728b)
Start importing Assets/Plugins/Pixel Crushers/Dialogue System/Demo/Resources/Private_Hart_1_1.ogg using Guid(bf8bf2dc1326c3146a055cab973090fe) Importer(815301076,1909f56bfc062723c751e8b465ee728b)  -> (artifact id: '608f3bbca1ef9887fb3118c49c9bbd2a') in 0.027938 seconds
Number of updated asset objects reloaded before import = 0
Number of asset objects unloaded after import = 2
========================================================================
Received Import Request.
  Time since last request: 0.000018 seconds.
  path: Assets/Plugins/Pixel Crushers/Dialogue System/Demo/Resources/Sergeant_Graves_2_5.ogg
  artifactKey: Guid(2be9436486d7fcd41b20e835a6e85c1b) Importer(815301076,1909f56bfc062723c751e8b465ee728b)
Start importing Assets/Plugins/Pixel Crushers/Dialogue System/Demo/Resources/Sergeant_Graves_2_5.ogg using Guid(2be9436486d7fcd41b20e835a6e85c1b) Importer(815301076,1909f56bfc062723c751e8b465ee728b)  -> (artifact id: 'cf767e9a62001c0a7f588577e1d285c9') in 0.026199 seconds
Number of updated asset objects reloaded before import = 0
Number of asset objects unloaded after import = 2
========================================================================
Received Import Request.
  Time since last request: 0.000029 seconds.
  path: Assets/Plugins/Pixel Crushers/Dialogue System/Demo/Resources/Sergeant_Graves_2_2.ogg
  artifactKey: Guid(38ca6fecd5923f340995ec5e1c02fa2b) Importer(815301076,1909f56bfc062723c751e8b465ee728b)
Start importing Assets/Plugins/Pixel Crushers/Dialogue System/Demo/Resources/Sergeant_Graves_2_2.ogg using Guid(38ca6fecd5923f340995ec5e1c02fa2b) Importer(815301076,1909f56bfc062723c751e8b465ee728b)  -> (artifact id: '262990d739fc2c2ff0306302a38193e5') in 0.023533 seconds
Number of updated asset objects reloaded before import = 0
Number of asset objects unloaded after import = 2
========================================================================
Received Import Request.
  Time since last request: 0.000022 seconds.
  path: Assets/Plugins/Pixel Crushers/Dialogue System/Demo/Resources/Player_2_6.ogg
  artifactKey: Guid(21c01fb86736223448cb9077eb45eb54) Importer(815301076,1909f56bfc062723c751e8b465ee728b)
Start importing Assets/Plugins/Pixel Crushers/Dialogue System/Demo/Resources/Player_2_6.ogg using Guid(21c01fb86736223448cb9077eb45eb54) Importer(815301076,1909f56bfc062723c751e8b465ee728b)  -> (artifact id: '77edd9d78970ae887974827a9684445f') in 0.023067 seconds
Number of updated asset objects reloaded before import = 0
Number of asset objects unloaded after import = 2
========================================================================
Received Import Request.
  Time since last request: 0.000024 seconds.
  path: Assets/Plugins/Pixel Crushers/Dialogue System/Demo/Resources/Private_Hart_1_6.ogg
  artifactKey: Guid(d21e299f526c7784c9af83233420a252) Importer(815301076,1909f56bfc062723c751e8b465ee728b)
Start importing Assets/Plugins/Pixel Crushers/Dialogue System/Demo/Resources/Private_Hart_1_6.ogg using Guid(d21e299f526c7784c9af83233420a252) Importer(815301076,1909f56bfc062723c751e8b465ee728b)  -> (artifact id: 'f5fd02c5d0d86d6152959a2453037f15') in 0.028172 seconds
Number of updated asset objects reloaded before import = 0
Number of asset objects unloaded after import = 2
========================================================================
Received Import Request.
  Time since last request: 0.000020 seconds.
  path: Assets/Plugins/Pixel Crushers/Dialogue System/Demo/Resources/Enemy_6_1.ogg
  artifactKey: Guid(1e65e89e980c6584399b20abc9ba5e24) Importer(815301076,1909f56bfc062723c751e8b465ee728b)
Start importing Assets/Plugins/Pixel Crushers/Dialogue System/Demo/Resources/Enemy_6_1.ogg using Guid(1e65e89e980c6584399b20abc9ba5e24) Importer(815301076,1909f56bfc062723c751e8b465ee728b)  -> (artifact id: '7787e05ede7640eacf70b24ab26c881e') in 0.021285 seconds
Number of updated asset objects reloaded before import = 0
Number of asset objects unloaded after import = 2
========================================================================
Received Import Request.
  Time since last request: 0.000028 seconds.
  path: Assets/Plugins/Pixel Crushers/Dialogue System/Demo/Resources/Private_Hart_1_3.ogg
  artifactKey: Guid(00301701d7d537f41a17f1390c0ea4c7) Importer(815301076,1909f56bfc062723c751e8b465ee728b)
Start importing Assets/Plugins/Pixel Crushers/Dialogue System/Demo/Resources/Private_Hart_1_3.ogg using Guid(00301701d7d537f41a17f1390c0ea4c7) Importer(815301076,1909f56bfc062723c751e8b465ee728b)  -> (artifact id: 'cb2c8391c6be469e7cd5cf41d0c7da1c') in 0.021271 seconds
Number of updated asset objects reloaded before import = 0
Number of asset objects unloaded after import = 2
========================================================================
Received Import Request.
  Time since last request: 0.000021 seconds.
  path: Assets/Plugins/Pixel Crushers/Dialogue System/Prefabs/Art/Shared Audio/typewriter.ogg
  artifactKey: Guid(3f422aad134ac5542a4860dba28110f4) Importer(815301076,1909f56bfc062723c751e8b465ee728b)
Start importing Assets/Plugins/Pixel Crushers/Dialogue System/Prefabs/Art/Shared Audio/typewriter.ogg using Guid(3f422aad134ac5542a4860dba28110f4) Importer(815301076,1909f56bfc062723c751e8b465ee728b)  -> (artifact id: 'db45e08e51c906671877f81422f732aa') in 0.013721 seconds
Number of updated asset objects reloaded before import = 0
Number of asset objects unloaded after import = 2
========================================================================
Received Prepare
Begin MonoManager ReloadAssembly
- Loaded All Assemblies, in  0.600 seconds
Refreshing native plugins compatible for Editor in 8.46 ms, found 7 plugins.
Native extension for WindowsStandalone target not found
[Package Manager] Server::EnsureServerProcessIsRunning -- launch failed, reason: Unity was launched with the -noUpm command-line argument
[Package Manager] UpmClient::Send -- Unable to send message (not connected to UPM process).
[Package Manager] Cannot connect to Unity Package Manager local server
Mono: successfully reloaded assembly
- Finished resetting the current domain, in  1.565 seconds
Domain Reload Profiling: 2160ms
	BeginReloadAssembly (203ms)
		ExecutionOrderSort (0ms)
		DisableScriptedObjects (17ms)
		BackupInstance (0ms)
		ReleaseScriptingObjects (0ms)
		CreateAndSetChildDomain (61ms)
	RebuildCommonClasses (42ms)
	RebuildNativeTypeToScriptingClass (15ms)
	initialDomainReloadingComplete (46ms)
	LoadAllAssembliesAndSetupDomain (289ms)
		LoadAssemblies (343ms)
		RebuildTransferFunctionScriptingTraits (0ms)
		AnalyzeDomain (32ms)
			TypeCache.Refresh (11ms)
				TypeCache.ScanAssembly (0ms)
			ScanForSourceGeneratedMonoScriptInfo (0ms)
			ResolveRequiredComponents (19ms)
	FinalizeReload (1565ms)
		ReleaseScriptCaches (0ms)
		RebuildScriptCaches (0ms)
		SetupLoadedEditorAssemblies (830ms)
			LogAssemblyErrors (0ms)
			InitializePlatformSupportModulesInManaged (6ms)
			SetLoadedEditorAssemblies (6ms)
			RefreshPlugins (0ms)
			BeforeProcessingInitializeOnLoad (93ms)
			ProcessInitializeOnLoadAttributes (669ms)
			ProcessInitializeOnLoadMethodAttributes (46ms)
			AfterProcessingInitializeOnLoad (10ms)
			EditorAssembliesLoaded (1ms)
		ExecutionOrderSort2 (0ms)
		AwakeInstancesAfterBackupRestoration (16ms)
Refreshing native plugins compatible for Editor in 18.98 ms, found 7 plugins.
Preloading 0 native plugins for Editor in 0.00 ms.
Unloading 5588 Unused Serialized files (Serialized files now loaded: 0)
Unloading 61 unused Assets / (0.8 MB). Loaded Objects now: 6173.
Memory consumption went from 192.1 MB to 191.3 MB.
Total: 11.441900 ms (FindLiveObjects: 1.586900 ms CreateObjectMapping: 1.164100 ms MarkObjects: 7.402100 ms  DeleteObjects: 1.286700 ms)

Prepare: number of updated asset objects reloaded= 0
AssetImportParameters requested are different than current active one (requested -> active):
  custom:container-demuxer-ogg: 62fdf1f143b41e24485cea50d1cbac27 -> 
  custom:video-decoder-ogg-theora: a1e56fd34408186e4bbccfd4996cb3dc -> 
  custom:framework-win-MediaFoundation: 216162199b28c13a410421893ffa2e32 -> 
  custom:CustomObjectIndexerAttribute: 6d391050e5a25f67b0a2c618074f2cd9 -> 
  custom:container-demuxer-webm: 4f35f7cbe854078d1ac9338744f61a02 -> 
  custom:container-muxer-webm: aa71ff27fc2769a1b78a27578f13a17b -> 
  custom:video-decoder-webm-vp8: 9c59270c3fd7afecdb556c50c9e8de78 -> 
  custom:SearchIndexIgnoredProperties: e643bd26f0fe6173181afceb89e7c659 -> 
  custom:AudioImporter_EditorPlatform: d09bf68614088b80899f8185d706f6e7 -> 
  custom:video-encoder-webm-vp8: eb34c28f22e8b96e1ab97ce403110664 -> 
  custom:audio-decoder-ogg-vorbis: bf7c407c2cedff20999df2af8eb42d56 -> 
  custom:audio-encoder-webm-vorbis: bf7c407c2cedff20999df2af8eb42d56 -> 
========================================================================
Received Prepare
Begin MonoManager ReloadAssembly
- Loaded All Assemblies, in  0.499 seconds
Refreshing native plugins compatible for Editor in 5.94 ms, found 7 plugins.
Native extension for WindowsStandalone target not found
[Package Manager] Server::EnsureServerProcessIsRunning -- launch failed, reason: Unity was launched with the -noUpm command-line argument
[Package Manager] UpmClient::Send -- Unable to send message (not connected to UPM process).
[Package Manager] Cannot connect to Unity Package Manager local server
Mono: successfully reloaded assembly
- Finished resetting the current domain, in  1.495 seconds
Domain Reload Profiling: 1990ms
	BeginReloadAssembly (170ms)
		ExecutionOrderSort (0ms)
		DisableScriptedObjects (16ms)
		BackupInstance (0ms)
		ReleaseScriptingObjects (0ms)
		CreateAndSetChildDomain (43ms)
	RebuildCommonClasses (33ms)
	RebuildNativeTypeToScriptingClass (11ms)
	initialDomainReloadingComplete (28ms)
	LoadAllAssembliesAndSetupDomain (252ms)
		LoadAssemblies (296ms)
		RebuildTransferFunctionScriptingTraits (0ms)
		AnalyzeDomain (33ms)
			TypeCache.Refresh (7ms)
				TypeCache.ScanAssembly (0ms)
			ScanForSourceGeneratedMonoScriptInfo (0ms)
			ResolveRequiredComponents (25ms)
	FinalizeReload (1495ms)
		ReleaseScriptCaches (0ms)
		RebuildScriptCaches (0ms)
		SetupLoadedEditorAssemblies (790ms)
			LogAssemblyErrors (0ms)
			InitializePlatformSupportModulesInManaged (5ms)
			SetLoadedEditorAssemblies (4ms)
			RefreshPlugins (0ms)
			BeforeProcessingInitializeOnLoad (94ms)
			ProcessInitializeOnLoadAttributes (637ms)
			ProcessInitializeOnLoadMethodAttributes (42ms)
			AfterProcessingInitializeOnLoad (9ms)
			EditorAssembliesLoaded (0ms)
		ExecutionOrderSort2 (0ms)
		AwakeInstancesAfterBackupRestoration (16ms)
Refreshing native plugins compatible for Editor in 11.62 ms, found 7 plugins.
Preloading 0 native plugins for Editor in 0.00 ms.
Unloading 5589 Unused Serialized files (Serialized files now loaded: 0)
Unloading 61 unused Assets / (0.8 MB). Loaded Objects now: 6189.
Memory consumption went from 194.3 MB to 193.5 MB.
Total: 9.414800 ms (FindLiveObjects: 0.703700 ms CreateObjectMapping: 0.906000 ms MarkObjects: 6.894900 ms  DeleteObjects: 0.908300 ms)

Prepare: number of updated asset objects reloaded= 0
AssetImportParameters requested are different than current active one (requested -> active):
  custom:container-demuxer-ogg: 62fdf1f143b41e24485cea50d1cbac27 -> 
  custom:video-decoder-ogg-theora: a1e56fd34408186e4bbccfd4996cb3dc -> 
  custom:framework-win-MediaFoundation: 216162199b28c13a410421893ffa2e32 -> 
  custom:CustomObjectIndexerAttribute: 6d391050e5a25f67b0a2c618074f2cd9 -> 
  custom:container-demuxer-webm: 4f35f7cbe854078d1ac9338744f61a02 -> 
  custom:container-muxer-webm: aa71ff27fc2769a1b78a27578f13a17b -> 
  custom:video-decoder-webm-vp8: 9c59270c3fd7afecdb556c50c9e8de78 -> 
  custom:SearchIndexIgnoredProperties: e643bd26f0fe6173181afceb89e7c659 -> 
  custom:AudioImporter_EditorPlatform: d09bf68614088b80899f8185d706f6e7 -> 
  custom:video-encoder-webm-vp8: eb34c28f22e8b96e1ab97ce403110664 -> 
  custom:audio-decoder-ogg-vorbis: bf7c407c2cedff20999df2af8eb42d56 -> 
  custom:audio-encoder-webm-vorbis: bf7c407c2cedff20999df2af8eb42d56 -> 
========================================================================
Received Prepare
Begin MonoManager ReloadAssembly
- Loaded All Assemblies, in  0.501 seconds
Refreshing native plugins compatible for Editor in 6.24 ms, found 7 plugins.
Native extension for WindowsStandalone target not found
[Package Manager] Server::EnsureServerProcessIsRunning -- launch failed, reason: Unity was launched with the -noUpm command-line argument
[Package Manager] UpmClient::Send -- Unable to send message (not connected to UPM process).
[Package Manager] Cannot connect to Unity Package Manager local server
Mono: successfully reloaded assembly
- Finished resetting the current domain, in  1.481 seconds
Domain Reload Profiling: 1978ms
	BeginReloadAssembly (169ms)
		ExecutionOrderSort (0ms)
		DisableScriptedObjects (11ms)
		BackupInstance (0ms)
		ReleaseScriptingObjects (0ms)
		CreateAndSetChildDomain (39ms)
	RebuildCommonClasses (32ms)
	RebuildNativeTypeToScriptingClass (12ms)
	initialDomainReloadingComplete (33ms)
	LoadAllAssembliesAndSetupDomain (251ms)
		LoadAssemblies (309ms)
		RebuildTransferFunctionScriptingTraits (0ms)
		AnalyzeDomain (28ms)
			TypeCache.Refresh (7ms)
				TypeCache.ScanAssembly (0ms)
			ScanForSourceGeneratedMonoScriptInfo (0ms)
			ResolveRequiredComponents (20ms)
	FinalizeReload (1481ms)
		ReleaseScriptCaches (0ms)
		RebuildScriptCaches (0ms)
		SetupLoadedEditorAssemblies (791ms)
			LogAssemblyErrors (0ms)
			InitializePlatformSupportModulesInManaged (6ms)
			SetLoadedEditorAssemblies (5ms)
			RefreshPlugins (0ms)
			BeforeProcessingInitializeOnLoad (96ms)
			ProcessInitializeOnLoadAttributes (628ms)
			ProcessInitializeOnLoadMethodAttributes (45ms)
			AfterProcessingInitializeOnLoad (9ms)
			EditorAssembliesLoaded (1ms)
		ExecutionOrderSort2 (0ms)
		AwakeInstancesAfterBackupRestoration (16ms)
Refreshing native plugins compatible for Editor in 12.14 ms, found 7 plugins.
Preloading 0 native plugins for Editor in 0.00 ms.
Unloading 5589 Unused Serialized files (Serialized files now loaded: 0)
Unloading 61 unused Assets / (0.8 MB). Loaded Objects now: 6205.
Memory consumption went from 196.2 MB to 195.4 MB.
Total: 9.207900 ms (FindLiveObjects: 0.834300 ms CreateObjectMapping: 1.021300 ms MarkObjects: 6.628600 ms  DeleteObjects: 0.722200 ms)

Prepare: number of updated asset objects reloaded= 0
AssetImportParameters requested are different than current active one (requested -> active):
  custom:container-demuxer-ogg: 62fdf1f143b41e24485cea50d1cbac27 -> 
  custom:video-decoder-ogg-theora: a1e56fd34408186e4bbccfd4996cb3dc -> 
  custom:framework-win-MediaFoundation: 216162199b28c13a410421893ffa2e32 -> 
  custom:CustomObjectIndexerAttribute: 6d391050e5a25f67b0a2c618074f2cd9 -> 
  custom:container-demuxer-webm: 4f35f7cbe854078d1ac9338744f61a02 -> 
  custom:container-muxer-webm: aa71ff27fc2769a1b78a27578f13a17b -> 
  custom:video-decoder-webm-vp8: 9c59270c3fd7afecdb556c50c9e8de78 -> 
  custom:SearchIndexIgnoredProperties: e643bd26f0fe6173181afceb89e7c659 -> 
  custom:AudioImporter_EditorPlatform: d09bf68614088b80899f8185d706f6e7 -> 
  custom:video-encoder-webm-vp8: eb34c28f22e8b96e1ab97ce403110664 -> 
  custom:audio-decoder-ogg-vorbis: bf7c407c2cedff20999df2af8eb42d56 -> 
  custom:audio-encoder-webm-vorbis: bf7c407c2cedff20999df2af8eb42d56 -> 
========================================================================
Received Prepare
Begin MonoManager ReloadAssembly
- Loaded All Assemblies, in  0.553 seconds
Refreshing native plugins compatible for Editor in 6.74 ms, found 7 plugins.
Native extension for WindowsStandalone target not found
[Package Manager] Server::EnsureServerProcessIsRunning -- launch failed, reason: Unity was launched with the -noUpm command-line argument
[Package Manager] UpmClient::Send -- Unable to send message (not connected to UPM process).
[Package Manager] Cannot connect to Unity Package Manager local server
Mono: successfully reloaded assembly
- Finished resetting the current domain, in  1.542 seconds
Domain Reload Profiling: 2092ms
	BeginReloadAssembly (175ms)
		ExecutionOrderSort (0ms)
		DisableScriptedObjects (11ms)
		BackupInstance (0ms)
		ReleaseScriptingObjects (0ms)
		CreateAndSetChildDomain (39ms)
	RebuildCommonClasses (32ms)
	RebuildNativeTypeToScriptingClass (11ms)
	initialDomainReloadingComplete (41ms)
	LoadAllAssembliesAndSetupDomain (290ms)
		LoadAssemblies (350ms)
		RebuildTransferFunctionScriptingTraits (0ms)
		AnalyzeDomain (28ms)
			TypeCache.Refresh (7ms)
				TypeCache.ScanAssembly (0ms)
			ScanForSourceGeneratedMonoScriptInfo (0ms)
			ResolveRequiredComponents (20ms)
	FinalizeReload (1543ms)
		ReleaseScriptCaches (0ms)
		RebuildScriptCaches (0ms)
		SetupLoadedEditorAssemblies (804ms)
			LogAssemblyErrors (0ms)
			InitializePlatformSupportModulesInManaged (7ms)
			SetLoadedEditorAssemblies (5ms)
			RefreshPlugins (0ms)
			BeforeProcessingInitializeOnLoad (94ms)
			ProcessInitializeOnLoadAttributes (641ms)
			ProcessInitializeOnLoadMethodAttributes (46ms)
			AfterProcessingInitializeOnLoad (9ms)
			EditorAssembliesLoaded (1ms)
		ExecutionOrderSort2 (0ms)
		AwakeInstancesAfterBackupRestoration (17ms)
Refreshing native plugins compatible for Editor in 10.93 ms, found 7 plugins.
Preloading 0 native plugins for Editor in 0.00 ms.
Unloading 5589 Unused Serialized files (Serialized files now loaded: 0)
Unloading 61 unused Assets / (0.8 MB). Loaded Objects now: 6221.
Memory consumption went from 198.1 MB to 197.4 MB.
Total: 10.341900 ms (FindLiveObjects: 0.856200 ms CreateObjectMapping: 0.941600 ms MarkObjects: 7.349400 ms  DeleteObjects: 1.193000 ms)

Prepare: number of updated asset objects reloaded= 0
AssetImportParameters requested are different than current active one (requested -> active):
  custom:container-demuxer-ogg: 62fdf1f143b41e24485cea50d1cbac27 -> 
  custom:video-decoder-ogg-theora: a1e56fd34408186e4bbccfd4996cb3dc -> 
  custom:framework-win-MediaFoundation: 216162199b28c13a410421893ffa2e32 -> 
  custom:CustomObjectIndexerAttribute: 6d391050e5a25f67b0a2c618074f2cd9 -> 
  custom:container-demuxer-webm: 4f35f7cbe854078d1ac9338744f61a02 -> 
  custom:container-muxer-webm: aa71ff27fc2769a1b78a27578f13a17b -> 
  custom:video-decoder-webm-vp8: 9c59270c3fd7afecdb556c50c9e8de78 -> 
  custom:SearchIndexIgnoredProperties: e643bd26f0fe6173181afceb89e7c659 -> 
  custom:AudioImporter_EditorPlatform: d09bf68614088b80899f8185d706f6e7 -> 
  custom:video-encoder-webm-vp8: eb34c28f22e8b96e1ab97ce403110664 -> 
  custom:audio-decoder-ogg-vorbis: bf7c407c2cedff20999df2af8eb42d56 -> 
  custom:audio-encoder-webm-vorbis: bf7c407c2cedff20999df2af8eb42d56 -> 
========================================================================
Received Import Request.
  Time since last request: 469.105629 seconds.
  path: Assets/Plugins/Pixel Crushers/Dialogue System/Prefabs/Art/Textures/UnityUI/Unity - Button.psd
  artifactKey: Guid(9f2cdc43fe2d20e42812c545cb67b99e) Importer(815301076,1909f56bfc062723c751e8b465ee728b)
Start importing Assets/Plugins/Pixel Crushers/Dialogue System/Prefabs/Art/Textures/UnityUI/Unity - Button.psd using Guid(9f2cdc43fe2d20e42812c545cb67b99e) Importer(815301076,1909f56bfc062723c751e8b465ee728b)  -> (artifact id: '3b97d7e6b40f97a877e37205eb8edff9') in 0.081959 seconds
Number of updated asset objects reloaded before import = 0
Number of asset objects unloaded after import = 3
========================================================================
Received Import Request.
  Time since last request: 0.000046 seconds.
  path: Assets/Plugins/Pixel Crushers/Dialogue System/Prefabs/Art/Textures/Wheel/Window.png
  artifactKey: Guid(d6e9ff215226845468a86021fa3f7901) Importer(815301076,1909f56bfc062723c751e8b465ee728b)
Start importing Assets/Plugins/Pixel Crushers/Dialogue System/Prefabs/Art/Textures/Wheel/Window.png using Guid(d6e9ff215226845468a86021fa3f7901) Importer(815301076,1909f56bfc062723c751e8b465ee728b)  -> (artifact id: 'c46a1731784669c43e936c324169eb0f') in 0.033562 seconds
Number of updated asset objects reloaded before import = 0
Number of asset objects unloaded after import = 3
========================================================================
Received Import Request.
  Time since last request: 0.000031 seconds.
  path: Assets/Plugins/Pixel Crushers/Dialogue System/Prefabs/Art/Textures/UnityUI/Unity - Window.psd
  artifactKey: Guid(56f0487aa75c16442b6a6997355c3bda) Importer(815301076,1909f56bfc062723c751e8b465ee728b)
Start importing Assets/Plugins/Pixel Crushers/Dialogue System/Prefabs/Art/Textures/UnityUI/Unity - Window.psd using Guid(56f0487aa75c16442b6a6997355c3bda) Importer(815301076,1909f56bfc062723c751e8b465ee728b)  -> (artifact id: '6253b0e4823288b42dc65ecd123e416d') in 0.039734 seconds
Number of updated asset objects reloaded before import = 0
Number of asset objects unloaded after import = 3
========================================================================
Received Import Request.
  Time since last request: 0.000039 seconds.
  path: Assets/Plugins/Pixel Crushers/Dialogue System/Prefabs/Art/Textures/UnityUI/Unity - Check Mark.psd
  artifactKey: Guid(23dc4f9bfdcb0984995e1a58909e85d2) Importer(815301076,1909f56bfc062723c751e8b465ee728b)
Start importing Assets/Plugins/Pixel Crushers/Dialogue System/Prefabs/Art/Textures/UnityUI/Unity - Check Mark.psd using Guid(23dc4f9bfdcb0984995e1a58909e85d2) Importer(815301076,1909f56bfc062723c751e8b465ee728b)  -> (artifact id: 'c3b8587257a9659be32d7ba14083a6b6') in 0.035519 seconds
Number of updated asset objects reloaded before import = 0
Number of asset objects unloaded after import = 3
========================================================================
Received Import Request.
  Time since last request: 0.000018 seconds.
  path: Assets/Plugins/Pixel Crushers/Dialogue System/Prefabs/Art/Textures/Mobile/WindowBackground.png
  artifactKey: Guid(f834413531a709c4f9a4714b418dc7fc) Importer(815301076,1909f56bfc062723c751e8b465ee728b)
Start importing Assets/Plugins/Pixel Crushers/Dialogue System/Prefabs/Art/Textures/Mobile/WindowBackground.png using Guid(f834413531a709c4f9a4714b418dc7fc) Importer(815301076,1909f56bfc062723c751e8b465ee728b)  -> (artifact id: '7f069b6b83f0303dfbfc45ae81061e0d') in 0.040058 seconds
Number of updated asset objects reloaded before import = 0
Number of asset objects unloaded after import = 3
========================================================================
Received Import Request.
  Time since last request: 0.000025 seconds.
  path: Assets/Plugins/Pixel Crushers/Dialogue System/Prefabs/Art/Textures/Runic/Window Background.png
  artifactKey: Guid(a550b21819b5b564291269f3ba072ef5) Importer(815301076,1909f56bfc062723c751e8b465ee728b)
Start importing Assets/Plugins/Pixel Crushers/Dialogue System/Prefabs/Art/Textures/Runic/Window Background.png using Guid(a550b21819b5b564291269f3ba072ef5) Importer(815301076,1909f56bfc062723c751e8b465ee728b)  -> (artifact id: 'c86634f5060a5769cbbfa5e835a3ca5d') in 0.056854 seconds
Number of updated asset objects reloaded before import = 0
Number of asset objects unloaded after import = 3
========================================================================
Received Import Request.
  Time since last request: 0.000022 seconds.
  path: Assets/Plugins/Pixel Crushers/Dialogue System/Prefabs/Art/Textures/UnityUI/Unity - Selection.psd
  artifactKey: Guid(754be300c958e2a4d85b275305904feb) Importer(815301076,1909f56bfc062723c751e8b465ee728b)
Start importing Assets/Plugins/Pixel Crushers/Dialogue System/Prefabs/Art/Textures/UnityUI/Unity - Selection.psd using Guid(754be300c958e2a4d85b275305904feb) Importer(815301076,1909f56bfc062723c751e8b465ee728b)  -> (artifact id: '24aeb53da7d8aede9872215414323a41') in 0.024874 seconds
Number of updated asset objects reloaded before import = 0
Number of asset objects unloaded after import = 3
========================================================================
Received Import Request.
  Time since last request: 0.000020 seconds.
  path: Assets/Plugins/Pixel Crushers/Dialogue System/Prefabs/Art/Textures/JRPG/WindowFrame.png
  artifactKey: Guid(bf00944c2f6c305429bd5a28ab01b56a) Importer(815301076,1909f56bfc062723c751e8b465ee728b)
Start importing Assets/Plugins/Pixel Crushers/Dialogue System/Prefabs/Art/Textures/JRPG/WindowFrame.png using Guid(bf00944c2f6c305429bd5a28ab01b56a) Importer(815301076,1909f56bfc062723c751e8b465ee728b)  -> (artifact id: 'bc04860d2cda6a7e73e8e1642ede39e5') in 0.019488 seconds
Number of updated asset objects reloaded before import = 0
Number of asset objects unloaded after import = 3
========================================================================
Received Import Request.
  Time since last request: 0.000020 seconds.
  path: Assets/Plugins/Pixel Crushers/Dialogue System/Prefabs/Art/Textures/UnityUI/Unity - Flat.psd
  artifactKey: Guid(6032fec9cfb93ec479cebc2a3190fa71) Importer(815301076,1909f56bfc062723c751e8b465ee728b)
Start importing Assets/Plugins/Pixel Crushers/Dialogue System/Prefabs/Art/Textures/UnityUI/Unity - Flat.psd using Guid(6032fec9cfb93ec479cebc2a3190fa71) Importer(815301076,1909f56bfc062723c751e8b465ee728b)  -> (artifact id: 'ccc223894a343719c4d06057835b1a67') in 0.020939 seconds
Number of updated asset objects reloaded before import = 0
Number of asset objects unloaded after import = 3
========================================================================
Received Import Request.
  Time since last request: 0.000018 seconds.
  path: Assets/Plugins/Pixel Crushers/Dialogue System/Prefabs/Art/Textures/UnityUI/Unity - Edges.psd
  artifactKey: Guid(4de85c90bbe61ed4bb3d67de9ab26f64) Importer(815301076,1909f56bfc062723c751e8b465ee728b)
Start importing Assets/Plugins/Pixel Crushers/Dialogue System/Prefabs/Art/Textures/UnityUI/Unity - Edges.psd using Guid(4de85c90bbe61ed4bb3d67de9ab26f64) Importer(815301076,1909f56bfc062723c751e8b465ee728b)  -> (artifact id: '6b911ead9835fbd7dea5ad566ac0b0e1') in 0.026119 seconds
Number of updated asset objects reloaded before import = 0
Number of asset objects unloaded after import = 3
========================================================================
Received Import Request.
  Time since last request: 0.000023 seconds.
  path: Assets/Plugins/Pixel Crushers/Dialogue System/Prefabs/Art/Textures/JRPG/WindowSprite.png
  artifactKey: Guid(0e3de6ba89fe6a242bfa146ef8ed525f) Importer(815301076,1909f56bfc062723c751e8b465ee728b)
Start importing Assets/Plugins/Pixel Crushers/Dialogue System/Prefabs/Art/Textures/JRPG/WindowSprite.png using Guid(0e3de6ba89fe6a242bfa146ef8ed525f) Importer(815301076,1909f56bfc062723c751e8b465ee728b)  -> (artifact id: '7ab81601f22815dfcd702287ac4e13af') in 0.018623 seconds
Number of updated asset objects reloaded before import = 0
Number of asset objects unloaded after import = 3
========================================================================
Received Import Request.
  Time since last request: 0.000018 seconds.
  path: Assets/Plugins/Pixel Crushers/Dialogue System/Prefabs/Art/Textures/UnityUI/Unity - Inset.psd
  artifactKey: Guid(7d3a920c42c6a734fb25908d06ea4728) Importer(815301076,1909f56bfc062723c751e8b465ee728b)
Start importing Assets/Plugins/Pixel Crushers/Dialogue System/Prefabs/Art/Textures/UnityUI/Unity - Inset.psd using Guid(7d3a920c42c6a734fb25908d06ea4728) Importer(815301076,1909f56bfc062723c751e8b465ee728b)  -> (artifact id: '28a398360905bf4f1fad42ab2b523bab') in 0.019100 seconds
Number of updated asset objects reloaded before import = 0
Number of asset objects unloaded after import = 3
========================================================================
Received Import Request.
  Time since last request: 18.316269 seconds.
  path: Assets/Cainos/Common/Texture/Utils/TX Utils Checker.png
  artifactKey: Guid(9f38ccca1cb4ef644b486a69e9cef663) Importer(815301076,1909f56bfc062723c751e8b465ee728b)
Start importing Assets/Cainos/Common/Texture/Utils/TX Utils Checker.png using Guid(9f38ccca1cb4ef644b486a69e9cef663) Importer(815301076,1909f56bfc062723c751e8b465ee728b)  -> (artifact id: '471fac4a53e90eea0fc9853e5a08a2c5') in 0.020246 seconds
Number of updated asset objects reloaded before import = 0
Number of asset objects unloaded after import = 3
========================================================================
Received Import Request.
  Time since last request: 0.031419 seconds.
  path: Assets/Plugins/Pixel Crushers/Dialogue System/Prefabs/Art/Textures/Basic/transparent.png
  artifactKey: Guid(925987cee7ceb6944bc905eb0e753585) Importer(815301076,1909f56bfc062723c751e8b465ee728b)
Start importing Assets/Plugins/Pixel Crushers/Dialogue System/Prefabs/Art/Textures/Basic/transparent.png using Guid(925987cee7ceb6944bc905eb0e753585) Importer(815301076,1909f56bfc062723c751e8b465ee728b)  -> (artifact id: '52d6834f9863295f304884b29ccf5e1f') in 0.024905 seconds
Number of updated asset objects reloaded before import = 0
Number of asset objects unloaded after import = 3
========================================================================
Received Import Request.
  Time since last request: 0.004892 seconds.
  path: Assets/Cainos/Pixel Art Platformer - Village Props/Texture/TX FX Flame.png
  artifactKey: Guid(9018b269c00ab544d814cc041d70fc91) Importer(815301076,1909f56bfc062723c751e8b465ee728b)
Start importing Assets/Cainos/Pixel Art Platformer - Village Props/Texture/TX FX Flame.png using Guid(9018b269c00ab544d814cc041d70fc91) Importer(815301076,1909f56bfc062723c751e8b465ee728b)  -> (artifact id: '095c9bcaeb2302cd430bc1c87506d70f') in 0.028883 seconds
Number of updated asset objects reloaded before import = 0
Number of asset objects unloaded after import = 3
========================================================================
Received Import Request.
  Time since last request: 0.000030 seconds.
  path: Assets/Cainos/Pixel Art Platformer - Village Props/Texture/TX FX Torch Flame.png
  artifactKey: Guid(22a56ebdc97997341afdcb2e902b2ee6) Importer(815301076,1909f56bfc062723c751e8b465ee728b)
Start importing Assets/Cainos/Pixel Art Platformer - Village Props/Texture/TX FX Torch Flame.png using Guid(22a56ebdc97997341afdcb2e902b2ee6) Importer(815301076,1909f56bfc062723c751e8b465ee728b)  -> (artifact id: '47a5ddc3cfb4d4f5810cb0dc9184c806') in 0.027505 seconds
Number of updated asset objects reloaded before import = 0
Number of asset objects unloaded after import = 3
========================================================================
Received Import Request.
  Time since last request: 5.360053 seconds.
  path: Assets/Art/PRUEBA_MONJE.png
  artifactKey: Guid(dee72ddeee8fa4e4b813c3fd4d2006f0) Importer(815301076,1909f56bfc062723c751e8b465ee728b)
Start importing Assets/Art/PRUEBA_MONJE.png using Guid(dee72ddeee8fa4e4b813c3fd4d2006f0) Importer(815301076,1909f56bfc062723c751e8b465ee728b)  -> (artifact id: '827c6fa0554b27d17d865944a1db8686') in 0.022876 seconds
Number of updated asset objects reloaded before import = 0
Number of asset objects unloaded after import = 3
========================================================================
Received Prepare
Begin MonoManager ReloadAssembly
- Loaded All Assemblies, in  0.535 seconds
Refreshing native plugins compatible for Editor in 6.33 ms, found 7 plugins.
Native extension for WindowsStandalone target not found
[Package Manager] Server::EnsureServerProcessIsRunning -- launch failed, reason: Unity was launched with the -noUpm command-line argument
[Package Manager] UpmClient::Send -- Unable to send message (not connected to UPM process).
[Package Manager] Cannot connect to Unity Package Manager local server
Mono: successfully reloaded assembly
- Finished resetting the current domain, in  1.534 seconds
Domain Reload Profiling: 2065ms
	BeginReloadAssembly (183ms)
		ExecutionOrderSort (0ms)
		DisableScriptedObjects (14ms)
		BackupInstance (0ms)
		ReleaseScriptingObjects (0ms)
		CreateAndSetChildDomain (44ms)
	RebuildCommonClasses (35ms)
	RebuildNativeTypeToScriptingClass (17ms)
	initialDomainReloadingComplete (36ms)
	LoadAllAssembliesAndSetupDomain (260ms)
		LoadAssemblies (316ms)
		RebuildTransferFunctionScriptingTraits (0ms)
		AnalyzeDomain (31ms)
			TypeCache.Refresh (9ms)
				TypeCache.ScanAssembly (0ms)
			ScanForSourceGeneratedMonoScriptInfo (0ms)
			ResolveRequiredComponents (20ms)
	FinalizeReload (1535ms)
		ReleaseScriptCaches (0ms)
		RebuildScriptCaches (0ms)
		SetupLoadedEditorAssemblies (798ms)
			LogAssemblyErrors (0ms)
			InitializePlatformSupportModulesInManaged (7ms)
			SetLoadedEditorAssemblies (5ms)
			RefreshPlugins (0ms)
			BeforeProcessingInitializeOnLoad (93ms)
			ProcessInitializeOnLoadAttributes (639ms)
			ProcessInitializeOnLoadMethodAttributes (46ms)
			AfterProcessingInitializeOnLoad (8ms)
			EditorAssembliesLoaded (1ms)
		ExecutionOrderSort2 (0ms)
		AwakeInstancesAfterBackupRestoration (16ms)
Refreshing native plugins compatible for Editor in 12.47 ms, found 7 plugins.
Preloading 0 native plugins for Editor in 0.00 ms.
Unloading 5588 Unused Serialized files (Serialized files now loaded: 0)
Unloading 61 unused Assets / (0.8 MB). Loaded Objects now: 6253.
Memory consumption went from 199.9 MB to 199.1 MB.
Total: 9.834200 ms (FindLiveObjects: 1.082700 ms CreateObjectMapping: 1.031800 ms MarkObjects: 6.759900 ms  DeleteObjects: 0.958400 ms)

Prepare: number of updated asset objects reloaded= 0
AssetImportParameters requested are different than current active one (requested -> active):
  custom:container-demuxer-ogg: 62fdf1f143b41e24485cea50d1cbac27 -> 
  custom:video-decoder-ogg-theora: a1e56fd34408186e4bbccfd4996cb3dc -> 
  custom:framework-win-MediaFoundation: 216162199b28c13a410421893ffa2e32 -> 
  custom:CustomObjectIndexerAttribute: 6d391050e5a25f67b0a2c618074f2cd9 -> 
  custom:container-demuxer-webm: 4f35f7cbe854078d1ac9338744f61a02 -> 
  custom:container-muxer-webm: aa71ff27fc2769a1b78a27578f13a17b -> 
  custom:video-decoder-webm-vp8: 9c59270c3fd7afecdb556c50c9e8de78 -> 
  custom:SearchIndexIgnoredProperties: e643bd26f0fe6173181afceb89e7c659 -> 
  custom:AudioImporter_EditorPlatform: d09bf68614088b80899f8185d706f6e7 -> 
  custom:video-encoder-webm-vp8: eb34c28f22e8b96e1ab97ce403110664 -> 
  custom:audio-decoder-ogg-vorbis: bf7c407c2cedff20999df2af8eb42d56 -> 
  custom:audio-encoder-webm-vorbis: bf7c407c2cedff20999df2af8eb42d56 -> 
========================================================================
Received Prepare
Begin MonoManager ReloadAssembly
- Loaded All Assemblies, in  0.528 seconds
Refreshing native plugins compatible for Editor in 6.17 ms, found 7 plugins.
Native extension for WindowsStandalone target not found
[Package Manager] Server::EnsureServerProcessIsRunning -- launch failed, reason: Unity was launched with the -noUpm command-line argument
[Package Manager] UpmClient::Send -- Unable to send message (not connected to UPM process).
[Package Manager] Cannot connect to Unity Package Manager local server
Mono: successfully reloaded assembly
- Finished resetting the current domain, in  1.509 seconds
Domain Reload Profiling: 2033ms
	BeginReloadAssembly (188ms)
		ExecutionOrderSort (0ms)
		DisableScriptedObjects (13ms)
		BackupInstance (0ms)
		ReleaseScriptingObjects (0ms)
		CreateAndSetChildDomain (47ms)
	RebuildCommonClasses (34ms)
	RebuildNativeTypeToScriptingClass (11ms)
	initialDomainReloadingComplete (29ms)
	LoadAllAssembliesAndSetupDomain (261ms)
		LoadAssemblies (320ms)
		RebuildTransferFunctionScriptingTraits (0ms)
		AnalyzeDomain (30ms)
			TypeCache.Refresh (8ms)
				TypeCache.ScanAssembly (0ms)
			ScanForSourceGeneratedMonoScriptInfo (0ms)
			ResolveRequiredComponents (21ms)
	FinalizeReload (1510ms)
		ReleaseScriptCaches (0ms)
		RebuildScriptCaches (0ms)
		SetupLoadedEditorAssemblies (785ms)
			LogAssemblyErrors (0ms)
			InitializePlatformSupportModulesInManaged (6ms)
			SetLoadedEditorAssemblies (4ms)
			RefreshPlugins (0ms)
			BeforeProcessingInitializeOnLoad (97ms)
			ProcessInitializeOnLoadAttributes (626ms)
			ProcessInitializeOnLoadMethodAttributes (42ms)
			AfterProcessingInitializeOnLoad (9ms)
			EditorAssembliesLoaded (1ms)
		ExecutionOrderSort2 (0ms)
		AwakeInstancesAfterBackupRestoration (15ms)
Refreshing native plugins compatible for Editor in 11.17 ms, found 7 plugins.
Preloading 0 native plugins for Editor in 0.00 ms.
Unloading 5589 Unused Serialized files (Serialized files now loaded: 0)
Unloading 61 unused Assets / (0.8 MB). Loaded Objects now: 6269.
Memory consumption went from 202.1 MB to 201.3 MB.
Total: 8.757400 ms (FindLiveObjects: 0.856300 ms CreateObjectMapping: 1.128200 ms MarkObjects: 5.901400 ms  DeleteObjects: 0.869100 ms)

Prepare: number of updated asset objects reloaded= 0
AssetImportParameters requested are different than current active one (requested -> active):
  custom:container-demuxer-ogg: 62fdf1f143b41e24485cea50d1cbac27 -> 
  custom:video-decoder-ogg-theora: a1e56fd34408186e4bbccfd4996cb3dc -> 
  custom:framework-win-MediaFoundation: 216162199b28c13a410421893ffa2e32 -> 
  custom:CustomObjectIndexerAttribute: 6d391050e5a25f67b0a2c618074f2cd9 -> 
  custom:container-demuxer-webm: 4f35f7cbe854078d1ac9338744f61a02 -> 
  custom:container-muxer-webm: aa71ff27fc2769a1b78a27578f13a17b -> 
  custom:video-decoder-webm-vp8: 9c59270c3fd7afecdb556c50c9e8de78 -> 
  custom:SearchIndexIgnoredProperties: e643bd26f0fe6173181afceb89e7c659 -> 
  custom:AudioImporter_EditorPlatform: d09bf68614088b80899f8185d706f6e7 -> 
  custom:video-encoder-webm-vp8: eb34c28f22e8b96e1ab97ce403110664 -> 
  custom:audio-decoder-ogg-vorbis: bf7c407c2cedff20999df2af8eb42d56 -> 
  custom:audio-encoder-webm-vorbis: bf7c407c2cedff20999df2af8eb42d56 -> 
========================================================================
Received Prepare
Begin MonoManager ReloadAssembly
- Loaded All Assemblies, in  0.534 seconds
Refreshing native plugins compatible for Editor in 6.27 ms, found 7 plugins.
Native extension for WindowsStandalone target not found
[Package Manager] Server::EnsureServerProcessIsRunning -- launch failed, reason: Unity was launched with the -noUpm command-line argument
[Package Manager] UpmClient::Send -- Unable to send message (not connected to UPM process).
[Package Manager] Cannot connect to Unity Package Manager local server
Mono: successfully reloaded assembly
- Finished resetting the current domain, in  1.492 seconds
Domain Reload Profiling: 2021ms
	BeginReloadAssembly (177ms)
		ExecutionOrderSort (0ms)
		DisableScriptedObjects (16ms)
		BackupInstance (0ms)
		ReleaseScriptingObjects (0ms)
		CreateAndSetChildDomain (39ms)
	RebuildCommonClasses (43ms)
	RebuildNativeTypeToScriptingClass (13ms)
	initialDomainReloadingComplete (36ms)
	LoadAllAssembliesAndSetupDomain (261ms)
		LoadAssemblies (320ms)
		RebuildTransferFunctionScriptingTraits (0ms)
		AnalyzeDomain (29ms)
			TypeCache.Refresh (8ms)
				TypeCache.ScanAssembly (0ms)
			ScanForSourceGeneratedMonoScriptInfo (0ms)
			ResolveRequiredComponents (19ms)
	FinalizeReload (1493ms)
		ReleaseScriptCaches (0ms)
		RebuildScriptCaches (0ms)
		SetupLoadedEditorAssemblies (802ms)
			LogAssemblyErrors (0ms)
			InitializePlatformSupportModulesInManaged (5ms)
			SetLoadedEditorAssemblies (4ms)
			RefreshPlugins (0ms)
			BeforeProcessingInitializeOnLoad (88ms)
			ProcessInitializeOnLoadAttributes (650ms)
			ProcessInitializeOnLoadMethodAttributes (46ms)
			AfterProcessingInitializeOnLoad (9ms)
			EditorAssembliesLoaded (1ms)
		ExecutionOrderSort2 (0ms)
		AwakeInstancesAfterBackupRestoration (15ms)
Refreshing native plugins compatible for Editor in 12.55 ms, found 7 plugins.
Preloading 0 native plugins for Editor in 0.00 ms.
Unloading 5589 Unused Serialized files (Serialized files now loaded: 0)
Unloading 61 unused Assets / (0.8 MB). Loaded Objects now: 6285.
Memory consumption went from 204.0 MB to 203.2 MB.
Total: 8.864100 ms (FindLiveObjects: 0.834600 ms CreateObjectMapping: 0.785800 ms MarkObjects: 6.517400 ms  DeleteObjects: 0.725300 ms)

Prepare: number of updated asset objects reloaded= 0
AssetImportParameters requested are different than current active one (requested -> active):
  custom:container-demuxer-ogg: 62fdf1f143b41e24485cea50d1cbac27 -> 
  custom:video-decoder-ogg-theora: a1e56fd34408186e4bbccfd4996cb3dc -> 
  custom:framework-win-MediaFoundation: 216162199b28c13a410421893ffa2e32 -> 
  custom:CustomObjectIndexerAttribute: 6d391050e5a25f67b0a2c618074f2cd9 -> 
  custom:container-demuxer-webm: 4f35f7cbe854078d1ac9338744f61a02 -> 
  custom:container-muxer-webm: aa71ff27fc2769a1b78a27578f13a17b -> 
  custom:video-decoder-webm-vp8: 9c59270c3fd7afecdb556c50c9e8de78 -> 
  custom:SearchIndexIgnoredProperties: e643bd26f0fe6173181afceb89e7c659 -> 
  custom:AudioImporter_EditorPlatform: d09bf68614088b80899f8185d706f6e7 -> 
  custom:video-encoder-webm-vp8: eb34c28f22e8b96e1ab97ce403110664 -> 
  custom:audio-decoder-ogg-vorbis: bf7c407c2cedff20999df2af8eb42d56 -> 
  custom:audio-encoder-webm-vorbis: bf7c407c2cedff20999df2af8eb42d56 -> 
